<?xml version="1.0" encoding="UTF-8"?>
<testng-results ignored="0" total="1" passed="1" failed="0" skipped="0">
  <reporter-output>
  </reporter-output>
  <suite started-at="2021-05-04T22:25:54 IST" name="Default suite" finished-at="2021-05-04T22:25:56 IST" duration-ms="2205">
    <groups>
    </groups>
    <test started-at="2021-05-04T22:25:54 IST" name="Default test" finished-at="2021-05-04T22:25:56 IST" duration-ms="2205">
      <class name="com.sudha.api.Testcases.CreateCustomerAPI">
        <test-method is-config="true" signature="beforeSuite()[pri:0, instance:com.sudha.api.Testcases.CreateCustomerAPI@7671cb68]" started-at="2021-05-04T22:25:53 IST" name="beforeSuite" finished-at="2021-05-04T22:25:54 IST" duration-ms="677" status="PASS">
          <reporter-output>
          </reporter-output>
        </test-method> <!-- beforeSuite -->
        <test-method is-config="true" signature="beforeMethod()[pri:0, instance:com.sudha.api.Testcases.CreateCustomerAPI@7671cb68]" started-at="2021-05-04T22:25:54 IST" name="beforeMethod" finished-at="2021-05-04T22:25:54 IST" duration-ms="0" status="PASS">
          <reporter-output>
          </reporter-output>
        </test-method> <!-- beforeMethod -->
        <test-method signature="validateCreateCustomerAPI()[pri:0, instance:com.sudha.api.Testcases.CreateCustomerAPI@7671cb68]" started-at="2021-05-04T22:25:54 IST" name="validateCreateCustomerAPI" finished-at="2021-05-04T22:25:56 IST" duration-ms="2176" status="PASS">
          <reporter-output>
          </reporter-output>
        </test-method> <!-- validateCreateCustomerAPI -->
      </class> <!-- com.sudha.api.Testcases.CreateCustomerAPI -->
    </test> <!-- Default test -->
  </suite> <!-- Default suite -->
</testng-results>
